13.48.40	错误	设备1 resetflash复位失败!!
13.48.43	错误	设备1 创建读出文件失败!
13.48.50	错误	设备1 resetflash复位失败!!
13.53.09	错误	设备1 resetflash复位失败!!
13.54.41	正常	设备1 resetflash复位成功!!
13.54.43	错误	设备1 Vpp关闭操作超时！
13.54.53	正常	设备1 resetflash复位成功!!
13.55.04	正常	设备1 继续下载失败的bin文件！ 
13.57.11	正常	设备1 程序下载成功 
13.59.37	错误	设备1 resetflash复位失败!!
14.01.48	错误	设备1 resetflash复位失败!!
14.02.05	正常	设备1 resetflash复位成功!!
14.02.28	正常	设备1 resetflash复位成功!!
14.02.31	正常	设备1 resetflash复位成功!!
14.02.39	正常	设备1 resetflash复位成功!!
14.02.43	正常	设备1 CRC = 0xd6aafc04
14.04.33	正常	设备1 程序下载成功 
14.12.50	正常	设备1 resetflash复位成功!!
14.13.01	正常	设备1 resetflash复位成功!!
14.13.02	正常	设备1 CRC = 0x32261e79
14.14.52	正常	设备1 程序下载成功 
15.06.51	正常	设备1 resetflash复位成功!!
15.06.56	正常	设备1 CRC = 0x32261e79
15.08.47	正常	设备1 程序下载成功 
15.17.50	正常	设备1 CRC = 0x32261e79
15.19.40	正常	设备1 程序下载成功 
16.05.37	正常	设备1 CRC = 0x32261e79
16.07.29	正常	设备1 程序下载成功 
